
This process will require superuser privileges to perform certain tasks.
Please enter your password if prompted.

A log file will be created to capture the progress of this process.
The file will be created in the installer directory with the name:
upgrade-eSaude-2018-05-21_18:26:54.log

==================================================
eSaúde Platform & EMR POC Installer v1.0.0-alpha.1
==================================================

Checking Linux distribution and release...
Supported Linux distribution detected: Ubuntu 14.04.5 LTS.

Checking for processor requirements... 64-bit processor detected.

Checking for 64-bit OS... 64-bit OS detected.

THIS PROCESS SHOULD ONLY BE RUN ON A DEDICATED UPGRADE SERVER!
AVOID UPGRADING A LIVE PRODUCTION SERVER AS DATA LOSS MAY OCCUR!
Are you sure you want to continue? [NO/yes] dpkg-query: no packages found matching docker-ce

This process requires shutting down any running services.
Any users will immediately lose their access and not be able to save or
continue their work.
Are you sure you want to continue? [NO/yes] 
Stopping services... stopping Tomcat...
 * Stopping Tomcat servlet engine tomcat7
   ...done.

Attempting to backup OpenMRS database...
Database backup successful.
Backup file is located in the installer directory with the name:
openmrs_backup_2018-05-21_18:27:46.sql

Cleaning database backup...[1/5] Fixing CHARSET...
[2/5] Fixing CHARACTER SET...
[3/5] Fixing COLLATION...
[4/5] Remove CREATE DATABASE...
[5/5] Remove USE...
 success...

Checking for docker...
dpkg-query: no packages found matching docker
dpkg-query: no packages found matching docker-engine
dpkg-query: no packages found matching docker.io
dpkg-query: no packages found matching docker-ce
Docker not found... installing...

Looking for docker installer...
Local copy of docker installer found...
dpkg-query: no packages found matching libltdl7
Docker dependency not found... installing...

Looking for docker dependency...
Local copy of docker dependency not found... attempting to download...
Reading package lists...
Building dependency tree...
Reading state information...
The following NEW packages will be installed:
  libltdl7
0 upgraded, 1 newly installed, 0 to remove and 0 not upgraded.
Need to get 35.0 kB of archives.
After this operation, 407 kB of additional disk space will be used.
Get:1 http://us.archive.ubuntu.com/ubuntu/ trusty/main libltdl7 amd64 2.4.2-1.7ubuntu1 [35.0 kB]
Fetched 35.0 kB in 5s (6,530 B/s)
Selecting previously unselected package libltdl7:amd64.
(Reading database ... 95630 files and directories currently installed.)
Preparing to unpack .../libltdl7_2.4.2-1.7ubuntu1_amd64.deb ...
Unpacking libltdl7:amd64 (2.4.2-1.7ubuntu1) ...
Setting up libltdl7:amd64 (2.4.2-1.7ubuntu1) ...
Processing triggers for libc-bin (2.19-0ubuntu6.14) ...
Docker dependency successfully installed...
dpkg: error processing archive trusty/libltdl7_2.4.6-0.1_amd64.deb (--install):
 cannot access archive: No such file or directory
Selecting previously unselected package docker-ce.
(Reading database ... 95637 files and directories currently installed.)
Preparing to unpack .../docker-ce_18.03.1_ce-0_ubuntu_amd64.deb ...
Unpacking docker-ce (18.03.1~ce-0~ubuntu) ...
dpkg: dependency problems prevent configuration of docker-ce:
 docker-ce depends on libsystemd-journal0 (>= 201); however:
  Package libsystemd-journal0 is not installed.

dpkg: error processing package docker-ce (--install):
 dependency problems - leaving unconfigured
Processing triggers for ureadahead (0.100.0-16) ...
ureadahead will be reprofiled on next reboot
Processing triggers for man-db (2.6.7.1-1ubuntu1) ...
Errors were encountered while processing:
 trusty/libltdl7_2.4.6-0.1_amd64.deb
 docker-ce
Docker not successfully installed...
Exiting...
